Shuttle-Clone-User/app/build/intermediates/manifest_merge_blame_file/debug/manifest-merger-blame-debug-report.txt
1<?xml version="1.0" encoding="utf-8"?>
2<manifest xmlns:android="http://schemas.android.com/apk/res/android"
3    package="com.ferri.userapp"
4    android:versionCode="1"
5    android:versionName="1.0" >
6
7    <uses-sdk
8        android:minSdkVersion="21"
8-->src\main\AndroidManifest.xml
9        android:targetSdkVersion="33" />
9-->src\main\AndroidManifest.xml
10
11    <uses-permission android:name="android.permission.ACCESS_FINE_LOCATION" />
11-->src\main\AndroidManifest.xml:6:5-79
11-->src\main\AndroidManifest.xml:6:22-76
12    <uses-permission android:name="android.permission.ACCESS_COARSE_LOCATION" />
12-->src\main\AndroidManifest.xml:7:5-80
12-->src\main\AndroidManifest.xml:7:22-78
13    <uses-permission android:name="android.permission.ACCESS_NETWORK_STATE" />
13-->src\main\AndroidManifest.xml:8:5-79
13-->src\main\AndroidManifest.xml:8:22-76
14    <uses-permission android:name="android.permission.INTERNET" />
14-->src\main\AndroidManifest.xml:9:5-67
14-->src\main\AndroidManifest.xml:9:22-64
15    <uses-permission android:name="android.permission.READ_EXTERNAL_STORAGE" />
15-->src\main\AndroidManifest.xml:10:5-80
15-->src\main\AndroidManifest.xml:10:22-77
16    <uses-permission android:name="android.permission.WRITE_EXTERNAL_STORAGE" />
16-->src\main\AndroidManifest.xml:11:5-81
16-->src\main\AndroidManifest.xml:11:22-78
17    <uses-permission android:name="android.permission.VIBRATE" />
17-->src\main\AndroidManifest.xml:12:5-66
17-->src\main\AndroidManifest.xml:12:22-63
18    <uses-permission android:name="android.permission.CALL_PHONE" />
18-->src\main\AndroidManifest.xml:13:5-68
18-->src\main\AndroidManifest.xml:13:22-66
19    <uses-permission android:name="android.permission.ACCESS_WIFI_STATE" />
19-->[com.google.android.libraries.places:places:3.1.0] AndroidManifest.xml:11:5-76
19-->[com.google.android.libraries.places:places:3.1.0] AndroidManifest.xml:11:22-73
20
21    <queries>
21-->[com.razorpay:checkout:1.6.30] AndroidManifest.xml:10:5-39:15
22        <intent>
22-->[com.razorpay:checkout:1.6.30] AndroidManifest.xml:11:9-17:18
23            <action android:name="android.intent.action.VIEW" />
23-->src\main\AndroidManifest.xml:188:17-69
23-->src\main\AndroidManifest.xml:188:25-66
24
25            <data
25-->src\main\AndroidManifest.xml:193:17-195:46
26                android:mimeType="*/*"
27                android:scheme="*" />
27-->src\main\AndroidManifest.xml:195:21-43
28        </intent>
29        <intent>
29-->[com.razorpay:checkout:1.6.30] AndroidManifest.xml:18:9-27:18
30            <action android:name="android.intent.action.VIEW" />
30-->src\main\AndroidManifest.xml:188:17-69
30-->src\main\AndroidManifest.xml:188:25-66
31
32            <category android:name="android.intent.category.BROWSABLE" />
32-->src\main\AndroidManifest.xml:191:17-78
32-->src\main\AndroidManifest.xml:191:27-75
33
34            <data
34-->src\main\AndroidManifest.xml:193:17-195:46
35                android:host="pay"
35-->src\main\AndroidManifest.xml:194:21-55
36                android:mimeType="*/*"
37                android:scheme="upi" />
37-->src\main\AndroidManifest.xml:195:21-43
38        </intent>
39        <intent>
39-->[com.razorpay:checkout:1.6.30] AndroidManifest.xml:28:9-30:18
40            <action android:name="android.intent.action.MAIN" />
40-->src\main\AndroidManifest.xml:171:17-69
40-->src\main\AndroidManifest.xml:171:25-66
41        </intent>
42        <intent>
42-->[com.razorpay:checkout:1.6.30] AndroidManifest.xml:31:9-35:18
43            <action android:name="android.intent.action.SEND" />
43-->[com.razorpay:checkout:1.6.30] AndroidManifest.xml:32:13-65
43-->[com.razorpay:checkout:1.6.30] AndroidManifest.xml:32:21-62
44
45            <data android:mimeType="*/*" />
45-->src\main\AndroidManifest.xml:193:17-195:46
46        </intent>
47        <intent>
47-->[com.razorpay:checkout:1.6.30] AndroidManifest.xml:36:9-38:18
48            <action android:name="rzp.device_token.share" />
48-->[com.razorpay:checkout:1.6.30] AndroidManifest.xml:37:13-61
48-->[com.razorpay:checkout:1.6.30] AndroidManifest.xml:37:21-58
49        </intent>
50        <!-- Needs to be explicitly declared on Android R+ -->
51        <package android:name="com.google.android.apps.maps" />
51-->[com.google.android.gms:play-services-maps:18.1.0] AndroidManifest.xml:33:9-64
51-->[com.google.android.gms:play-services-maps:18.1.0] AndroidManifest.xml:33:18-61
52        <package android:name="com.facebook.katana" />
52-->[com.facebook.android:facebook-common:16.0.1] AndroidManifest.xml:18:9-55
52-->[com.facebook.android:facebook-common:16.0.1] AndroidManifest.xml:18:18-52
53    </queries>
54
55    <uses-feature
55-->[com.google.android.gms:play-services-maps:18.1.0] AndroidManifest.xml:26:5-28:35
56        android:glEsVersion="0x00020000"
56-->[com.google.android.gms:play-services-maps:18.1.0] AndroidManifest.xml:27:9-41
57        android:required="true" />
57-->[com.google.android.gms:play-services-maps:18.1.0] AndroidManifest.xml:28:9-32
58
59    <uses-permission android:name="android.permission.POST_NOTIFICATIONS" />
59-->[com.google.firebase:firebase-messaging:23.1.2] AndroidManifest.xml:25:5-77
59-->[com.google.firebase:firebase-messaging:23.1.2] AndroidManifest.xml:25:22-74
60    <uses-permission android:name="android.permission.WAKE_LOCK" /> <!-- Required by older versions of Google Play services to create IID tokens -->
60-->[com.google.firebase:firebase-messaging:23.1.2] AndroidManifest.xml:26:5-68
60-->[com.google.firebase:firebase-messaging:23.1.2] AndroidManifest.xml:26:22-65
61    <uses-permission android:name="com.google.android.c2dm.permission.RECEIVE" />
61-->[com.google.firebase:firebase-messaging:23.1.2] AndroidManifest.xml:28:5-82
61-->[com.google.firebase:firebase-messaging:23.1.2] AndroidManifest.xml:28:22-79
62    <uses-permission android:name="android.permission.ACCESS_MEDIA_LOCATION" />
62-->[com.github.afreakyelf:Pdf-Viewer:v1.0.7] AndroidManifest.xml:14:5-80
62-->[com.github.afreakyelf:Pdf-Viewer:v1.0.7] AndroidManifest.xml:14:22-77
63    <uses-permission android:name="android.permission.READ_PHONE_STATE" />
63-->[com.github.afreakyelf:Pdf-Viewer:v1.0.7] AndroidManifest.xml:16:5-75
63-->[com.github.afreakyelf:Pdf-Viewer:v1.0.7] AndroidManifest.xml:16:22-72
64    <uses-permission android:name="com.google.android.finsky.permission.BIND_GET_INSTALL_REFERRER_SERVICE" />
64-->[com.google.android.gms:play-services-measurement:21.2.1] AndroidManifest.xml:26:5-110
64-->[com.google.android.gms:play-services-measurement:21.2.1] AndroidManifest.xml:26:22-107
65    <uses-permission android:name="com.google.android.gms.permission.AD_ID" />
65-->[com.google.android.gms:play-services-measurement-impl:21.2.1] AndroidManifest.xml:27:5-79
65-->[com.google.android.gms:play-services-measurement-impl:21.2.1] AndroidManifest.xml:27:22-76
66    <uses-permission android:name="android.permission.RECEIVE_BOOT_COMPLETED" />
66-->[androidx.work:work-runtime:2.8.1] AndroidManifest.xml:25:5-81
66-->[androidx.work:work-runtime:2.8.1] AndroidManifest.xml:25:22-78
67    <uses-permission android:name="android.permission.FOREGROUND_SERVICE" />
67-->[androidx.work:work-runtime:2.8.1] AndroidManifest.xml:26:5-77
67-->[androidx.work:work-runtime:2.8.1] AndroidManifest.xml:26:22-74
68
69    <permission
69-->[androidx.core:core:1.10.0] AndroidManifest.xml:22:5-24:47
70        android:name="com.ferri.userapp.DYNAMIC_RECEIVER_NOT_EXPORTED_PERMISSION"
70-->[androidx.core:core:1.10.0] AndroidManifest.xml:23:9-81
71        android:protectionLevel="signature" />
71-->[androidx.core:core:1.10.0] AndroidManifest.xml:24:9-44
72
73    <uses-permission android:name="com.ferri.userapp.DYNAMIC_RECEIVER_NOT_EXPORTED_PERMISSION" />
73-->[androidx.core:core:1.10.0] AndroidManifest.xml:26:5-97
73-->[androidx.core:core:1.10.0] AndroidManifest.xml:26:22-94
74
75    <application
75-->src\main\AndroidManifest.xml:15:5-248:19
76        android:allowBackup="false"
76-->src\main\AndroidManifest.xml:16:9-36
77        android:appComponentFactory="androidx.core.app.CoreComponentFactory"
77-->[androidx.core:core:1.10.0] AndroidManifest.xml:28:18-86
78        android:debuggable="true"
79        android:fitsSystemWindows="true"
79-->src\main\AndroidManifest.xml:17:9-41
80        android:icon="@drawable/ic_app_logo"
80-->src\main\AndroidManifest.xml:18:9-45
81        android:label="@string/app_name"
81-->src\main\AndroidManifest.xml:19:9-41
82        android:networkSecurityConfig="@xml/network_security_config"
82-->src\main\AndroidManifest.xml:20:9-69
83        android:requestLegacyExternalStorage="true"
83-->[com.github.afreakyelf:Pdf-Viewer:v1.0.7] AndroidManifest.xml:18:18-61
84        android:supportsRtl="true"
84-->src\main\AndroidManifest.xml:21:9-35
85        android:testOnly="true"
86        android:theme="@style/AppTheme"
86-->src\main\AndroidManifest.xml:22:9-40
87        android:usesCleartextTraffic="true"
87-->src\main\AndroidManifest.xml:23:9-44
88        android:windowSoftInputMode="adjustResize" >
88-->src\main\AndroidManifest.xml:24:9-51
89        <activity
89-->src\main\AndroidManifest.xml:27:9-30:69
90            android:name="com.ferri.userapp.ui.activity.ViewInvoiceActivity"
90-->src\main\AndroidManifest.xml:28:13-60
91            android:screenOrientation="portrait"
91-->src\main\AndroidManifest.xml:29:13-49
92            android:windowSoftInputMode="stateHidden|adjustResize" />
92-->src\main\AndroidManifest.xml:30:13-67
93        <activity
93-->src\main\AndroidManifest.xml:31:9-34:69
94            android:name="com.ferri.userapp.ui.activity.BookedPassDetailsActivity"
94-->src\main\AndroidManifest.xml:32:13-66
95            android:screenOrientation="portrait"
95-->src\main\AndroidManifest.xml:33:13-49
96            android:windowSoftInputMode="stateHidden|adjustResize" />
96-->src\main\AndroidManifest.xml:34:13-67
97        <activity
97-->src\main\AndroidManifest.xml:35:9-38:69
98            android:name="com.ferri.userapp.ui.activity.BookingHistoryActivity"
98-->src\main\AndroidManifest.xml:36:13-63
99            android:screenOrientation="portrait"
99-->src\main\AndroidManifest.xml:37:13-49
100            android:windowSoftInputMode="stateHidden|adjustResize" />
100-->src\main\AndroidManifest.xml:38:13-67
101        <activity
101-->src\main\AndroidManifest.xml:39:9-43:70
102            android:name="com.ferri.userapp.ui.activity.SuggestRouteActivity"
102-->src\main\AndroidManifest.xml:40:13-61
103            android:exported="false"
103-->src\main\AndroidManifest.xml:41:13-37
104            android:screenOrientation="portrait"
104-->src\main\AndroidManifest.xml:42:13-49
105            android:windowSoftInputMode="stateHidden|adjustResize" />
105-->src\main\AndroidManifest.xml:43:13-67
106        <activity
106-->src\main\AndroidManifest.xml:44:9-47:70
107            android:name="com.ferri.userapp.ui.activity.ExploreActivity"
107-->src\main\AndroidManifest.xml:45:13-56
108            android:screenOrientation="portrait"
108-->src\main\AndroidManifest.xml:46:13-49
109            android:windowSoftInputMode="stateHidden|adjustResize" />
109-->src\main\AndroidManifest.xml:47:13-67
110        <activity
110-->src\main\AndroidManifest.xml:48:9-51:70
111            android:name="com.ferri.userapp.ui.activity.TrackRoutesActivity"
111-->src\main\AndroidManifest.xml:49:13-60
112            android:screenOrientation="portrait"
112-->src\main\AndroidManifest.xml:50:13-49
113            android:windowSoftInputMode="stateHidden|adjustResize" />
113-->src\main\AndroidManifest.xml:51:13-67
114        <activity
114-->src\main\AndroidManifest.xml:52:9-55:70
115            android:name="com.ferri.userapp.ui.activity.InitialActivity"
115-->src\main\AndroidManifest.xml:53:13-56
116            android:screenOrientation="portrait"
116-->src\main\AndroidManifest.xml:54:13-49
117            android:windowSoftInputMode="stateHidden|adjustResize" />
117-->src\main\AndroidManifest.xml:55:13-67
118        <activity
118-->src\main\AndroidManifest.xml:56:9-59:70
119            android:name="com.ferri.userapp.ui.activity.PassDetailsActivity"
119-->src\main\AndroidManifest.xml:57:13-60
120            android:screenOrientation="portrait"
120-->src\main\AndroidManifest.xml:58:13-49
121            android:windowSoftInputMode="stateHidden|adjustResize" />
121-->src\main\AndroidManifest.xml:59:13-67
122        <activity
122-->src\main\AndroidManifest.xml:60:9-63:70
123            android:name="com.ferri.userapp.ui.activity.PassActivity"
123-->src\main\AndroidManifest.xml:61:13-53
124            android:screenOrientation="portrait"
124-->src\main\AndroidManifest.xml:62:13-49
125            android:windowSoftInputMode="stateHidden|adjustResize" />
125-->src\main\AndroidManifest.xml:63:13-67
126
127        <meta-data
127-->src\main\AndroidManifest.xml:65:9-67:55
128            android:name="com.google.android.geo.API_KEY"
128-->src\main\AndroidManifest.xml:66:13-58
129            android:value="@string/google_maps_key" />
129-->src\main\AndroidManifest.xml:67:13-52
130
131        <service
131-->src\main\AndroidManifest.xml:69:9-74:19
132            android:name="com.ferri.userapp.fb.MyFirebaseMessagingService"
132-->src\main\AndroidManifest.xml:69:18-63
133            android:exported="false" >
133-->src\main\AndroidManifest.xml:70:13-37
134            <intent-filter>
134-->src\main\AndroidManifest.xml:71:13-73:29
135                <action android:name="com.google.firebase.MESSAGING_EVENT" />
135-->src\main\AndroidManifest.xml:72:17-78
135-->src\main\AndroidManifest.xml:72:25-75
136            </intent-filter>
137        </service>
138
139        <receiver
139-->src\main\AndroidManifest.xml:76:9-79:40
140            android:name="com.ferri.userapp.utils.Receiver.SmsBroadcastReceiver"
140-->src\main\AndroidManifest.xml:77:13-64
141            android:enabled="true"
141-->src\main\AndroidManifest.xml:78:13-35
142            android:exported="false" />
142-->src\main\AndroidManifest.xml:79:13-37
143
144        <uses-library
144-->src\main\AndroidManifest.xml:81:9-83:40
145            android:name="org.apache.http.legacy"
145-->src\main\AndroidManifest.xml:82:13-50
146            android:required="false" />
146-->src\main\AndroidManifest.xml:83:13-37
147
148        <activity
148-->src\main\AndroidManifest.xml:85:9-88:70
149            android:name="com.ferri.userapp.ui.intro.IntroActivity"
149-->src\main\AndroidManifest.xml:86:13-51
150            android:screenOrientation="portrait"
150-->src\main\AndroidManifest.xml:87:13-49
151            android:windowSoftInputMode="stateHidden|adjustResize" />
151-->src\main\AndroidManifest.xml:88:13-67
152        <activity
152-->src\main\AndroidManifest.xml:89:9-92:70
153            android:name="com.ferri.userapp.ui.activity.ConfirmPaymentActivity"
153-->src\main\AndroidManifest.xml:90:13-63
154            android:screenOrientation="portrait"
154-->src\main\AndroidManifest.xml:91:13-49
155            android:windowSoftInputMode="stateHidden|adjustResize" />
155-->src\main\AndroidManifest.xml:92:13-67
156        <activity
156-->src\main\AndroidManifest.xml:93:9-96:70
157            android:name="com.ferri.userapp.ui.activity.PermissionActivity"
157-->src\main\AndroidManifest.xml:94:13-59
158            android:screenOrientation="portrait"
158-->src\main\AndroidManifest.xml:95:13-49
159            android:windowSoftInputMode="stateHidden|adjustResize" />
159-->src\main\AndroidManifest.xml:96:13-67
160        <activity
160-->src\main\AndroidManifest.xml:97:9-100:70
161            android:name="com.ferri.userapp.ui.activity.BusRoutesActivity"
161-->src\main\AndroidManifest.xml:98:13-58
162            android:screenOrientation="portrait"
162-->src\main\AndroidManifest.xml:99:13-49
163            android:windowSoftInputMode="stateHidden|adjustResize" />
163-->src\main\AndroidManifest.xml:100:13-67
164        <activity
164-->src\main\AndroidManifest.xml:101:9-104:70
165            android:name="com.ferri.userapp.ui.activity.SetReminderActivity"
165-->src\main\AndroidManifest.xml:102:13-60
166            android:screenOrientation="portrait"
166-->src\main\AndroidManifest.xml:103:13-49
167            android:windowSoftInputMode="stateHidden|adjustResize" />
167-->src\main\AndroidManifest.xml:104:13-67
168        <activity
168-->src\main\AndroidManifest.xml:105:9-108:70
169            android:name="com.ferri.userapp.ui.activity.SettingActivity"
169-->src\main\AndroidManifest.xml:106:13-56
170            android:screenOrientation="portrait"
170-->src\main\AndroidManifest.xml:107:13-49
171            android:windowSoftInputMode="stateHidden|adjustResize" />
171-->src\main\AndroidManifest.xml:108:13-67
172        <activity
172-->src\main\AndroidManifest.xml:109:9-112:70
173            android:name="com.ferri.userapp.ui.activity.PackageActivity"
173-->src\main\AndroidManifest.xml:110:13-56
174            android:screenOrientation="portrait"
174-->src\main\AndroidManifest.xml:111:13-49
175            android:windowSoftInputMode="stateHidden|adjustResize" />
175-->src\main\AndroidManifest.xml:112:13-67
176        <activity
176-->src\main\AndroidManifest.xml:113:9-116:70
177            android:name="com.ferri.userapp.ui.activity.OffersActivity"
177-->src\main\AndroidManifest.xml:114:13-55
178            android:screenOrientation="portrait"
178-->src\main\AndroidManifest.xml:115:13-49
179            android:windowSoftInputMode="stateHidden|adjustResize" />
179-->src\main\AndroidManifest.xml:116:13-67
180        <activity
180-->src\main\AndroidManifest.xml:117:9-120:70
181            android:name="com.ferri.userapp.ui.activity.TransactionHistoryActivity"
181-->src\main\AndroidManifest.xml:118:13-67
182            android:screenOrientation="portrait"
182-->src\main\AndroidManifest.xml:119:13-49
183            android:windowSoftInputMode="stateHidden|adjustResize" />
183-->src\main\AndroidManifest.xml:120:13-67
184        <activity
184-->src\main\AndroidManifest.xml:121:9-124:70
185            android:name="com.ferri.userapp.ui.activity.CardDetailActivity"
185-->src\main\AndroidManifest.xml:122:13-59
186            android:screenOrientation="portrait"
186-->src\main\AndroidManifest.xml:123:13-49
187            android:windowSoftInputMode="stateHidden|adjustResize" />
187-->src\main\AndroidManifest.xml:124:13-67
188        <activity
188-->src\main\AndroidManifest.xml:125:9-128:70
189            android:name="com.ferri.userapp.ui.activity.PaymentActivity"
189-->src\main\AndroidManifest.xml:126:13-56
190            android:screenOrientation="portrait"
190-->src\main\AndroidManifest.xml:127:13-49
191            android:windowSoftInputMode="stateHidden|adjustResize" />
191-->src\main\AndroidManifest.xml:128:13-67
192        <activity
192-->src\main\AndroidManifest.xml:129:9-132:70
193            android:name="com.ferri.userapp.ui.activity.PassengerDetailActivity"
193-->src\main\AndroidManifest.xml:130:13-64
194            android:screenOrientation="portrait"
194-->src\main\AndroidManifest.xml:131:13-49
195            android:windowSoftInputMode="stateHidden|adjustResize" />
195-->src\main\AndroidManifest.xml:132:13-67
196        <activity
196-->src\main\AndroidManifest.xml:133:9-136:70
197            android:name="com.ferri.userapp.ui.activity.DroppingPointActivity"
197-->src\main\AndroidManifest.xml:134:13-62
198            android:screenOrientation="portrait"
198-->src\main\AndroidManifest.xml:135:13-49
199            android:windowSoftInputMode="stateHidden|adjustResize" />
199-->src\main\AndroidManifest.xml:136:13-67
200        <activity
200-->src\main\AndroidManifest.xml:137:9-140:70
201            android:name="com.ferri.userapp.ui.activity.VerificationActivity"
201-->src\main\AndroidManifest.xml:138:13-61
202            android:screenOrientation="portrait"
202-->src\main\AndroidManifest.xml:139:13-49
203            android:windowSoftInputMode="adjustResize|stateHidden" />
203-->src\main\AndroidManifest.xml:140:13-67
204        <activity
204-->src\main\AndroidManifest.xml:141:9-152:20
205            android:name="com.ferri.userapp.ui.activity.BookingActivity"
205-->src\main\AndroidManifest.xml:142:13-56
206            android:screenOrientation="portrait" >
206-->src\main\AndroidManifest.xml:143:13-49
207
208            <!--
209            <intent-filter>
210                <action android:name="android.intent.action.MAIN" />
211
212                <category android:name="android.intent.category.LAUNCHER" />
213            </intent-filter>
214            -->
215        </activity>
216        <activity
216-->src\main\AndroidManifest.xml:153:9-156:70
217            android:name="com.ferri.userapp.ui.activity.SignInActivity"
217-->src\main\AndroidManifest.xml:154:13-55
218            android:screenOrientation="portrait"
218-->src\main\AndroidManifest.xml:155:13-49
219            android:windowSoftInputMode="adjustResize|stateHidden" />
219-->src\main\AndroidManifest.xml:156:13-67
220        <activity
220-->src\main\AndroidManifest.xml:157:9-161:70
221            android:name="com.ferri.userapp.ui.activity.DashboardActivity"
221-->src\main\AndroidManifest.xml:158:13-58
222            android:launchMode="singleTask"
222-->src\main\AndroidManifest.xml:159:13-44
223            android:screenOrientation="portrait"
223-->src\main\AndroidManifest.xml:160:13-49
224            android:windowSoftInputMode="stateHidden|adjustResize" />
224-->src\main\AndroidManifest.xml:161:13-67
225        <activity
225-->src\main\AndroidManifest.xml:162:9-165:55
226            android:name="com.ferri.userapp.ui.activity.SelectionActivity"
226-->src\main\AndroidManifest.xml:163:13-58
227            android:screenOrientation="portrait"
227-->src\main\AndroidManifest.xml:164:13-49
228            android:windowSoftInputMode="adjustPan" />
228-->src\main\AndroidManifest.xml:165:13-52
229        <activity
229-->src\main\AndroidManifest.xml:166:9-175:20
230            android:name="com.ferri.userapp.ui.activity.SplashActivity"
230-->src\main\AndroidManifest.xml:167:13-55
231            android:exported="true"
231-->src\main\AndroidManifest.xml:169:13-36
232            android:screenOrientation="portrait" >
232-->src\main\AndroidManifest.xml:168:13-49
233            <intent-filter>
233-->src\main\AndroidManifest.xml:170:13-174:29
234                <action android:name="android.intent.action.MAIN" />
234-->src\main\AndroidManifest.xml:171:17-69
234-->src\main\AndroidManifest.xml:171:25-66
235
236                <category android:name="android.intent.category.LAUNCHER" />
236-->src\main\AndroidManifest.xml:173:17-77
236-->src\main\AndroidManifest.xml:173:27-74
237            </intent-filter>
238        </activity>
239        <activity
239-->src\main\AndroidManifest.xml:176:9-178:52
240            android:name="com.ferri.userapp.ui.activity.NotificationActivity"
240-->src\main\AndroidManifest.xml:177:13-61
241            android:screenOrientation="portrait" />
241-->src\main\AndroidManifest.xml:178:13-49
242        <activity
242-->src\main\AndroidManifest.xml:179:9-181:52
243            android:name="com.ferri.userapp.ui.activity.BusListActivity"
243-->src\main\AndroidManifest.xml:180:13-56
244            android:screenOrientation="portrait" />
244-->src\main\AndroidManifest.xml:181:13-49
245        <activity
245-->src\main\AndroidManifest.xml:182:9-197:20
246            android:name="com.ferri.userapp.ui.activity.ProfileSettingsActivity"
246-->src\main\AndroidManifest.xml:183:13-64
247            android:exported="true"
247-->src\main\AndroidManifest.xml:186:13-36
248            android:screenOrientation="portrait"
248-->src\main\AndroidManifest.xml:184:13-49
249            android:windowSoftInputMode="stateHidden|adjustResize" >
249-->src\main\AndroidManifest.xml:185:13-67
250            <intent-filter>
250-->src\main\AndroidManifest.xml:187:13-196:29
251                <action android:name="android.intent.action.VIEW" />
251-->src\main\AndroidManifest.xml:188:17-69
251-->src\main\AndroidManifest.xml:188:25-66
252
253                <category android:name="android.intent.category.DEFAULT" />
253-->src\main\AndroidManifest.xml:190:17-76
253-->src\main\AndroidManifest.xml:190:27-73
254                <category android:name="android.intent.category.BROWSABLE" />
254-->src\main\AndroidManifest.xml:191:17-78
254-->src\main\AndroidManifest.xml:191:27-75
255
256                <data
256-->src\main\AndroidManifest.xml:193:17-195:46
257                    android:host="ferriuser.page.link"
257-->src\main\AndroidManifest.xml:194:21-55
258                    android:scheme="https" />
258-->src\main\AndroidManifest.xml:195:21-43
259            </intent-filter>
260        </activity>
261        <activity
261-->src\main\AndroidManifest.xml:198:9-201:70
262            android:name="com.ferri.userapp.ui.activity.WalletActivity"
262-->src\main\AndroidManifest.xml:199:13-55
263            android:screenOrientation="portrait"
263-->src\main\AndroidManifest.xml:200:13-49
264            android:windowSoftInputMode="adjustResize|stateHidden" />
264-->src\main\AndroidManifest.xml:201:13-67
265        <activity
265-->src\main\AndroidManifest.xml:202:9-204:52
266            android:name="com.ferri.userapp.ui.activity.CardsActivity"
266-->src\main\AndroidManifest.xml:203:13-54
267            android:screenOrientation="portrait" />
267-->src\main\AndroidManifest.xml:204:13-49
268        <activity
268-->src\main\AndroidManifest.xml:205:9-207:52
269            android:name="com.ferri.userapp.ui.activity.ReferEarnActivity"
269-->src\main\AndroidManifest.xml:206:13-58
270            android:screenOrientation="portrait" />
270-->src\main\AndroidManifest.xml:207:13-49
271        <activity
271-->src\main\AndroidManifest.xml:208:9-210:52
272            android:name="com.ferri.userapp.ui.activity.HelpActivity"
272-->src\main\AndroidManifest.xml:209:13-53
273            android:screenOrientation="portrait" />
273-->src\main\AndroidManifest.xml:210:13-49
274
275        <meta-data
275-->src\main\AndroidManifest.xml:212:9-214:55
276            android:name="com.facebook.sdk.ApplicationId"
276-->src\main\AndroidManifest.xml:213:13-58
277            android:value="@string/facebook_app_id" />
277-->src\main\AndroidManifest.xml:214:13-52
278
279        <activity
279-->src\main\AndroidManifest.xml:216:9-219:48
280            android:name="com.facebook.FacebookActivity"
280-->src\main\AndroidManifest.xml:217:13-57
281            android:configChanges="keyboard|keyboardHidden|screenLayout|screenSize|orientation"
281-->src\main\AndroidManifest.xml:218:13-96
282            android:label="@string/app_name"
282-->src\main\AndroidManifest.xml:219:13-45
283            android:theme="@style/com_facebook_activity_theme" />
283-->[com.facebook.android:facebook-common:16.0.1] AndroidManifest.xml:25:13-63
284        <activity
284-->src\main\AndroidManifest.xml:220:9-231:20
285            android:name="com.facebook.CustomTabActivity"
285-->src\main\AndroidManifest.xml:221:13-58
286            android:exported="true" >
286-->src\main\AndroidManifest.xml:222:13-36
287            <intent-filter>
287-->src\main\AndroidManifest.xml:223:13-230:29
288                <action android:name="android.intent.action.VIEW" />
288-->src\main\AndroidManifest.xml:188:17-69
288-->src\main\AndroidManifest.xml:188:25-66
289
290                <category android:name="android.intent.category.DEFAULT" />
290-->src\main\AndroidManifest.xml:190:17-76
290-->src\main\AndroidManifest.xml:190:27-73
291                <category android:name="android.intent.category.BROWSABLE" />
291-->src\main\AndroidManifest.xml:191:17-78
291-->src\main\AndroidManifest.xml:191:27-75
292
293                <data android:scheme="@string/fb_login_protocol_scheme" />
293-->src\main\AndroidManifest.xml:193:17-195:46
293-->src\main\AndroidManifest.xml:195:21-43
294            </intent-filter>
295            <intent-filter>
295-->[com.facebook.android:facebook-common:16.0.1] AndroidManifest.xml:31:13-40:29
296                <action android:name="android.intent.action.VIEW" />
296-->src\main\AndroidManifest.xml:188:17-69
296-->src\main\AndroidManifest.xml:188:25-66
297
298                <category android:name="android.intent.category.DEFAULT" />
298-->src\main\AndroidManifest.xml:190:17-76
298-->src\main\AndroidManifest.xml:190:27-73
299                <category android:name="android.intent.category.BROWSABLE" />
299-->src\main\AndroidManifest.xml:191:17-78
299-->src\main\AndroidManifest.xml:191:27-75
300
301                <data
301-->src\main\AndroidManifest.xml:193:17-195:46
302                    android:host="cct.com.ferri.userapp"
302-->src\main\AndroidManifest.xml:194:21-55
303                    android:scheme="fbconnect" />
303-->src\main\AndroidManifest.xml:195:21-43
304            </intent-filter>
305        </activity>
306
307        <provider
308            android:name="androidx.core.content.FileProvider"
308-->src\main\AndroidManifest.xml:234:13-62
309            android:authorities="com.ferri.userapp.provider"
309-->src\main\AndroidManifest.xml:235:13-60
310            android:exported="false"
310-->src\main\AndroidManifest.xml:236:13-37
311            android:grantUriPermissions="true" >
311-->src\main\AndroidManifest.xml:237:13-47
312            <meta-data
312-->src\main\AndroidManifest.xml:238:13-240:58
313                android:name="android.support.FILE_PROVIDER_PATHS"
313-->src\main\AndroidManifest.xml:239:17-67
314                android:resource="@xml/provider_paths" />
314-->src\main\AndroidManifest.xml:240:17-55
315        </provider> <!-- Add your API key here -->
316        <meta-data
316-->src\main\AndroidManifest.xml:242:9-244:57
317            android:name="com.razorpay.ApiKey"
317-->src\main\AndroidManifest.xml:243:13-47
318            android:value="@string/razorpay_test_key" />
318-->src\main\AndroidManifest.xml:244:13-54
319        <meta-data
319-->src\main\AndroidManifest.xml:245:9-247:36
320            android:name="com.google.android.gms.wallet.api.enabled"